C:\Program Files (x86)\Microsoft Visual Studio\2019\Community\MSBuild\Microsoft\VC\v160\Microsoft.CppBuild.targets(437,5): warning MSB8004: Intermediate Directory does not end with a trailing slash.  This build instance will add the slash as it is required to allow proper evaluation of the Intermediate Directory.
C:\Program Files (x86)\Microsoft Visual Studio\2019\Community\MSBuild\Microsoft\VC\v160\Microsoft.CppBuild.targets(438,5): warning MSB8004: Output Directory does not end with a trailing slash.  This build instance will add the slash as it is required to allow proper evaluation of the Output Directory.
  writeSoftData.cpp
C:\Users\Junbo Huang\OneDrive - McMaster University\Engineering\ETFLab Research\VS Projects\NLP\src\writeSoftData.cpp(83,26): warning C4244:  '=': conversion from '__int64' to 'int', possible loss of data
C:\Users\Junbo Huang\OneDrive - McMaster University\Engineering\ETFLab Research\VS Projects\NLP\src\writeSoftData.cpp(91,15): warning C4267:  '=': conversion from 'size_t' to 'int', possible loss of data
C:\Users\Junbo Huang\OneDrive - McMaster University\Engineering\ETFLab Research\VS Projects\NLP\src\writeSoftData.cpp(235,12): warning C4244:  'argument': conversion from 'time_t' to 'unsigned int', possible loss of data
C:\Program Files (x86)\Microsoft Visual Studio\2019\Community\VC\Tools\MSVC\14.22.27905\include\xstring(2348,23): warning C4244:  'argument': conversion from '_Ty' to 'const _Elem', possible loss of data
C:\Program Files (x86)\Microsoft Visual Studio\2019\Community\VC\Tools\MSVC\14.22.27905\include\xstring(2348,23): warning C4244:         with
C:\Program Files (x86)\Microsoft Visual Studio\2019\Community\VC\Tools\MSVC\14.22.27905\include\xstring(2348,23): warning C4244:         [
C:\Program Files (x86)\Microsoft Visual Studio\2019\Community\VC\Tools\MSVC\14.22.27905\include\xstring(2348,23): warning C4244:             _Ty=const wchar_t
C:\Program Files (x86)\Microsoft Visual Studio\2019\Community\VC\Tools\MSVC\14.22.27905\include\xstring(2348,23): warning C4244:         ]
C:\Program Files (x86)\Microsoft Visual Studio\2019\Community\VC\Tools\MSVC\14.22.27905\include\xstring(2348,23): warning C4244:         and
C:\Program Files (x86)\Microsoft Visual Studio\2019\Community\VC\Tools\MSVC\14.22.27905\include\xstring(2348,23): warning C4244:         [
C:\Program Files (x86)\Microsoft Visual Studio\2019\Community\VC\Tools\MSVC\14.22.27905\include\xstring(2348,23): warning C4244:             _Elem=char
C:\Program Files (x86)\Microsoft Visual Studio\2019\Community\VC\Tools\MSVC\14.22.27905\include\xstring(2348,23): warning C4244:         ]
C:\Program Files (x86)\Microsoft Visual Studio\2019\Community\VC\Tools\MSVC\14.22.27905\include\xstring(2359): message :  see reference to function template instantiation 'void std::basic_string<char,std::char_traits<char>,std::allocator<char>>::_Construct<_Ty*>(_Iter,const _Iter,std::input_iterator_tag)' being compiled
C:\Program Files (x86)\Microsoft Visual Studio\2019\Community\VC\Tools\MSVC\14.22.27905\include\xstring(2359): message :         with
C:\Program Files (x86)\Microsoft Visual Studio\2019\Community\VC\Tools\MSVC\14.22.27905\include\xstring(2359): message :         [
C:\Program Files (x86)\Microsoft Visual Studio\2019\Community\VC\Tools\MSVC\14.22.27905\include\xstring(2359): message :             _Ty=const wchar_t,
C:\Program Files (x86)\Microsoft Visual Studio\2019\Community\VC\Tools\MSVC\14.22.27905\include\xstring(2359): message :             _Iter=const wchar_t *
C:\Program Files (x86)\Microsoft Visual Studio\2019\Community\VC\Tools\MSVC\14.22.27905\include\xstring(2359): message :         ]
C:\Program Files (x86)\Microsoft Visual Studio\2019\Community\VC\Tools\MSVC\14.22.27905\include\xstring(2359): message :  see reference to function template instantiation 'void std::basic_string<char,std::char_traits<char>,std::allocator<char>>::_Construct<_Ty*>(_Iter,const _Iter,std::input_iterator_tag)' being compiled
C:\Program Files (x86)\Microsoft Visual Studio\2019\Community\VC\Tools\MSVC\14.22.27905\include\xstring(2359): message :         with
C:\Program Files (x86)\Microsoft Visual Studio\2019\Community\VC\Tools\MSVC\14.22.27905\include\xstring(2359): message :         [
C:\Program Files (x86)\Microsoft Visual Studio\2019\Community\VC\Tools\MSVC\14.22.27905\include\xstring(2359): message :             _Ty=const wchar_t,
C:\Program Files (x86)\Microsoft Visual Studio\2019\Community\VC\Tools\MSVC\14.22.27905\include\xstring(2359): message :             _Iter=const wchar_t *
C:\Program Files (x86)\Microsoft Visual Studio\2019\Community\VC\Tools\MSVC\14.22.27905\include\xstring(2359): message :         ]
C:\Program Files (x86)\Microsoft Visual Studio\2019\Community\VC\Tools\MSVC\14.22.27905\include\xstring(2339): message :  see reference to function template instantiation 'void std::basic_string<char,std::char_traits<char>,std::allocator<char>>::_Construct<_Ty*>(const _Iter,const _Iter,std::forward_iterator_tag)' being compiled
C:\Program Files (x86)\Microsoft Visual Studio\2019\Community\VC\Tools\MSVC\14.22.27905\include\xstring(2339): message :         with
C:\Program Files (x86)\Microsoft Visual Studio\2019\Community\VC\Tools\MSVC\14.22.27905\include\xstring(2339): message :         [
C:\Program Files (x86)\Microsoft Visual Studio\2019\Community\VC\Tools\MSVC\14.22.27905\include\xstring(2339): message :             _Ty=const wchar_t,
C:\Program Files (x86)\Microsoft Visual Studio\2019\Community\VC\Tools\MSVC\14.22.27905\include\xstring(2339): message :             _Iter=const wchar_t *
C:\Program Files (x86)\Microsoft Visual Studio\2019\Community\VC\Tools\MSVC\14.22.27905\include\xstring(2339): message :         ]
C:\Program Files (x86)\Microsoft Visual Studio\2019\Community\VC\Tools\MSVC\14.22.27905\include\xstring(2339): message :  see reference to function template instantiation 'void std::basic_string<char,std::char_traits<char>,std::allocator<char>>::_Construct<_Ty*>(const _Iter,const _Iter,std::forward_iterator_tag)' being compiled
C:\Program Files (x86)\Microsoft Visual Studio\2019\Community\VC\Tools\MSVC\14.22.27905\include\xstring(2339): message :         with
C:\Program Files (x86)\Microsoft Visual Studio\2019\Community\VC\Tools\MSVC\14.22.27905\include\xstring(2339): message :         [
C:\Program Files (x86)\Microsoft Visual Studio\2019\Community\VC\Tools\MSVC\14.22.27905\include\xstring(2339): message :             _Ty=const wchar_t,
C:\Program Files (x86)\Microsoft Visual Studio\2019\Community\VC\Tools\MSVC\14.22.27905\include\xstring(2339): message :             _Iter=const wchar_t *
C:\Program Files (x86)\Microsoft Visual Studio\2019\Community\VC\Tools\MSVC\14.22.27905\include\xstring(2339): message :         ]
C:\Program Files (x86)\Microsoft Visual Studio\2019\Community\VC\Tools\MSVC\14.22.27905\include\xstring(3173): message :  see reference to function template instantiation 'std::basic_string<char,std::char_traits<char>,std::allocator<char>>::basic_string<_Iter,void>(_Iter,_Iter,const _Alloc &)' being compiled
C:\Program Files (x86)\Microsoft Visual Studio\2019\Community\VC\Tools\MSVC\14.22.27905\include\xstring(3173): message :         with
C:\Program Files (x86)\Microsoft Visual Studio\2019\Community\VC\Tools\MSVC\14.22.27905\include\xstring(3173): message :         [
C:\Program Files (x86)\Microsoft Visual Studio\2019\Community\VC\Tools\MSVC\14.22.27905\include\xstring(3173): message :             _Iter=const wchar_t *,
C:\Program Files (x86)\Microsoft Visual Studio\2019\Community\VC\Tools\MSVC\14.22.27905\include\xstring(3173): message :             _Alloc=std::allocator<char>
C:\Program Files (x86)\Microsoft Visual Studio\2019\Community\VC\Tools\MSVC\14.22.27905\include\xstring(3173): message :         ]
C:\Program Files (x86)\Microsoft Visual Studio\2019\Community\VC\Tools\MSVC\14.22.27905\include\xstring(3173): message :  see reference to function template instantiation 'std::basic_string<char,std::char_traits<char>,std::allocator<char>>::basic_string<_Iter,void>(_Iter,_Iter,const _Alloc &)' being compiled
C:\Program Files (x86)\Microsoft Visual Studio\2019\Community\VC\Tools\MSVC\14.22.27905\include\xstring(3173): message :         with
C:\Program Files (x86)\Microsoft Visual Studio\2019\Community\VC\Tools\MSVC\14.22.27905\include\xstring(3173): message :         [
C:\Program Files (x86)\Microsoft Visual Studio\2019\Community\VC\Tools\MSVC\14.22.27905\include\xstring(3173): message :             _Iter=const wchar_t *,
C:\Program Files (x86)\Microsoft Visual Studio\2019\Community\VC\Tools\MSVC\14.22.27905\include\xstring(3173): message :             _Alloc=std::allocator<char>
C:\Program Files (x86)\Microsoft Visual Studio\2019\Community\VC\Tools\MSVC\14.22.27905\include\xstring(3173): message :         ]
C:\Program Files (x86)\Microsoft Visual Studio\2019\Community\VC\Tools\MSVC\14.22.27905\include\xstring(2213): message :  see reference to function template instantiation 'std::basic_string<char,std::char_traits<char>,std::allocator<char>> &std::basic_string<char,std::char_traits<char>,std::allocator<char>>::_Replace_range<const wchar_t*>(const std::_String_const_iterator<std::_String_val<std::_Simple_types<_Elem>>>,const std::_String_const_iterator<std::_String_val<std::_Simple_types<_Elem>>>,const _Iter,const _Iter,std::false_type)' being compiled
C:\Program Files (x86)\Microsoft Visual Studio\2019\Community\VC\Tools\MSVC\14.22.27905\include\xstring(2213): message :         with
C:\Program Files (x86)\Microsoft Visual Studio\2019\Community\VC\Tools\MSVC\14.22.27905\include\xstring(2213): message :         [
C:\Program Files (x86)\Microsoft Visual Studio\2019\Community\VC\Tools\MSVC\14.22.27905\include\xstring(2213): message :             _Elem=char,
C:\Program Files (x86)\Microsoft Visual Studio\2019\Community\VC\Tools\MSVC\14.22.27905\include\xstring(2213): message :             _Iter=const wchar_t *
C:\Program Files (x86)\Microsoft Visual Studio\2019\Community\VC\Tools\MSVC\14.22.27905\include\xstring(2213): message :         ]
C:\Program Files (x86)\Microsoft Visual Studio\2019\Community\VC\Tools\MSVC\14.22.27905\include\xstring(3193): message :  see reference to function template instantiation 'std::basic_string<char,std::char_traits<char>,std::allocator<char>> &std::basic_string<char,std::char_traits<char>,std::allocator<char>>::_Replace_range<const wchar_t*>(const std::_String_const_iterator<std::_String_val<std::_Simple_types<_Elem>>>,const std::_String_const_iterator<std::_String_val<std::_Simple_types<_Elem>>>,const _Iter,const _Iter,std::false_type)' being compiled
C:\Program Files (x86)\Microsoft Visual Studio\2019\Community\VC\Tools\MSVC\14.22.27905\include\xstring(3193): message :         with
C:\Program Files (x86)\Microsoft Visual Studio\2019\Community\VC\Tools\MSVC\14.22.27905\include\xstring(3193): message :         [
C:\Program Files (x86)\Microsoft Visual Studio\2019\Community\VC\Tools\MSVC\14.22.27905\include\xstring(3193): message :             _Elem=char,
C:\Program Files (x86)\Microsoft Visual Studio\2019\Community\VC\Tools\MSVC\14.22.27905\include\xstring(3193): message :             _Iter=const wchar_t *
C:\Program Files (x86)\Microsoft Visual Studio\2019\Community\VC\Tools\MSVC\14.22.27905\include\xstring(3193): message :         ]
C:\Program Files (x86)\Microsoft Visual Studio\2019\Community\VC\Tools\MSVC\14.22.27905\include\xstring(2851): message :  see reference to function template instantiation 'std::basic_string<char,std::char_traits<char>,std::allocator<char>> &std::basic_string<char,std::char_traits<char>,std::allocator<char>>::replace<_Iter,void>(const std::_String_const_iterator<std::_String_val<std::_Simple_types<_Elem>>>,const std::_String_const_iterator<std::_String_val<std::_Simple_types<_Elem>>>,const _Iter,const _Iter)' being compiled
C:\Program Files (x86)\Microsoft Visual Studio\2019\Community\VC\Tools\MSVC\14.22.27905\include\xstring(2851): message :         with
C:\Program Files (x86)\Microsoft Visual Studio\2019\Community\VC\Tools\MSVC\14.22.27905\include\xstring(2851): message :         [
C:\Program Files (x86)\Microsoft Visual Studio\2019\Community\VC\Tools\MSVC\14.22.27905\include\xstring(2851): message :             _Iter=std::_String_const_iterator<std::_String_val<std::_Simple_types<wchar_t>>>,
C:\Program Files (x86)\Microsoft Visual Studio\2019\Community\VC\Tools\MSVC\14.22.27905\include\xstring(2851): message :             _Elem=char
C:\Program Files (x86)\Microsoft Visual Studio\2019\Community\VC\Tools\MSVC\14.22.27905\include\xstring(2851): message :         ]
C:\Program Files (x86)\Microsoft Visual Studio\2019\Community\VC\Tools\MSVC\14.22.27905\include\xstring(2851): message :  see reference to function template instantiation 'std::basic_string<char,std::char_traits<char>,std::allocator<char>> &std::basic_string<char,std::char_traits<char>,std::allocator<char>>::replace<_Iter,void>(const std::_String_const_iterator<std::_String_val<std::_Simple_types<_Elem>>>,const std::_String_const_iterator<std::_String_val<std::_Simple_types<_Elem>>>,const _Iter,const _Iter)' being compiled
C:\Program Files (x86)\Microsoft Visual Studio\2019\Community\VC\Tools\MSVC\14.22.27905\include\xstring(2851): message :         with
C:\Program Files (x86)\Microsoft Visual Studio\2019\Community\VC\Tools\MSVC\14.22.27905\include\xstring(2851): message :         [
C:\Program Files (x86)\Microsoft Visual Studio\2019\Community\VC\Tools\MSVC\14.22.27905\include\xstring(2851): message :             _Iter=std::_String_const_iterator<std::_String_val<std::_Simple_types<wchar_t>>>,
C:\Program Files (x86)\Microsoft Visual Studio\2019\Community\VC\Tools\MSVC\14.22.27905\include\xstring(2851): message :             _Elem=char
C:\Program Files (x86)\Microsoft Visual Studio\2019\Community\VC\Tools\MSVC\14.22.27905\include\xstring(2851): message :         ]
C:\Users\Junbo Huang\OneDrive - McMaster University\Engineering\ETFLab Research\VS Projects\NLP\util\xml\xmlreader_light.hpp(876): message :  see reference to function template instantiation 'std::basic_string<char,std::char_traits<char>,std::allocator<char>> &std::basic_string<char,std::char_traits<char>,std::allocator<char>>::assign<std::_String_const_iterator<std::_String_val<std::_Simple_types<_Elem>>>,void>(const _Iter,const _Iter)' being compiled
C:\Users\Junbo Huang\OneDrive - McMaster University\Engineering\ETFLab Research\VS Projects\NLP\util\xml\xmlreader_light.hpp(876): message :         with
C:\Users\Junbo Huang\OneDrive - McMaster University\Engineering\ETFLab Research\VS Projects\NLP\util\xml\xmlreader_light.hpp(876): message :         [
C:\Users\Junbo Huang\OneDrive - McMaster University\Engineering\ETFLab Research\VS Projects\NLP\util\xml\xmlreader_light.hpp(876): message :             _Elem=wchar_t,
C:\Users\Junbo Huang\OneDrive - McMaster University\Engineering\ETFLab Research\VS Projects\NLP\util\xml\xmlreader_light.hpp(876): message :             _Iter=std::_String_const_iterator<std::_String_val<std::_Simple_types<wchar_t>>>
C:\Users\Junbo Huang\OneDrive - McMaster University\Engineering\ETFLab Research\VS Projects\NLP\util\xml\xmlreader_light.hpp(876): message :         ]
C:\Users\Junbo Huang\OneDrive - McMaster University\Engineering\ETFLab Research\VS Projects\NLP\util\xml\xmlreader_light.hpp(876): message :  see reference to function template instantiation 'std::basic_string<char,std::char_traits<char>,std::allocator<char>> &std::basic_string<char,std::char_traits<char>,std::allocator<char>>::assign<std::_String_const_iterator<std::_String_val<std::_Simple_types<_Elem>>>,void>(const _Iter,const _Iter)' being compiled
C:\Users\Junbo Huang\OneDrive - McMaster University\Engineering\ETFLab Research\VS Projects\NLP\util\xml\xmlreader_light.hpp(876): message :         with
C:\Users\Junbo Huang\OneDrive - McMaster University\Engineering\ETFLab Research\VS Projects\NLP\util\xml\xmlreader_light.hpp(876): message :         [
C:\Users\Junbo Huang\OneDrive - McMaster University\Engineering\ETFLab Research\VS Projects\NLP\util\xml\xmlreader_light.hpp(876): message :             _Elem=wchar_t,
C:\Users\Junbo Huang\OneDrive - McMaster University\Engineering\ETFLab Research\VS Projects\NLP\util\xml\xmlreader_light.hpp(876): message :             _Iter=std::_String_const_iterator<std::_String_val<std::_Simple_types<wchar_t>>>
C:\Users\Junbo Huang\OneDrive - McMaster University\Engineering\ETFLab Research\VS Projects\NLP\util\xml\xmlreader_light.hpp(876): message :         ]
  SoftDataGenerator.vcxproj -> C:\Users\Junbo Huang\OneDrive - McMaster University\Engineering\ETFLab Research\VS Projects\NLP\SoftDataGenerator\SoftDataGenerator\Debug\x64\SoftDataGenerator_x64_debug.exe
